<?xml version="1.0" encoding="UTF-8"?>
<testsuite xmlns:xsi="http://www.w3.org/2001/XMLSchema-instance" xsi:noNamespaceSchemaLocation="https://maven.apache.org/surefire/maven-surefire-plugin/xsd/surefire-test-report.xsd" name="redis.AppTest" time="0.017" tests="1" errors="0" skipped="0" failures="0">
  <properties>
    <property name="sun.desktop" value="gnome"/>
    <property name="awt.toolkit" value="sun.awt.X11.XToolkit"/>
    <property name="file.encoding.pkg" value="sun.io"/>
    <property name="java.specification.version" value="1.8"/>
    <property name="sun.cpu.isalist" value=""/>
    <property name="sun.jnu.encoding" value="UTF-8"/>
    <property name="java.class.path" value="/home/captain/eclipse-workspace/dp-p6-redis-java/target/test-classes:/home/captain/eclipse-workspace/dp-p6-redis-java/target/classes:/home/captain/.m2/repository/junit/junit/4.11/junit-4.11.jar:/home/captain/.m2/repository/org/hamcrest/hamcrest-core/1.3/hamcrest-core-1.3.jar:/home/captain/.m2/repository/org/redisson/redisson/3.10.4/redisson-3.10.4.jar:/home/captain/.m2/repository/io/netty/netty-common/4.1.33.Final/netty-common-4.1.33.Final.jar:/home/captain/.m2/repository/io/netty/netty-codec/4.1.33.Final/netty-codec-4.1.33.Final.jar:/home/captain/.m2/repository/io/netty/netty-buffer/4.1.33.Final/netty-buffer-4.1.33.Final.jar:/home/captain/.m2/repository/io/netty/netty-transport/4.1.33.Final/netty-transport-4.1.33.Final.jar:/home/captain/.m2/repository/io/netty/netty-resolver/4.1.33.Final/netty-resolver-4.1.33.Final.jar:/home/captain/.m2/repository/io/netty/netty-resolver-dns/4.1.33.Final/netty-resolver-dns-4.1.33.Final.jar:/home/captain/.m2/repository/io/netty/netty-codec-dns/4.1.33.Final/netty-codec-dns-4.1.33.Final.jar:/home/captain/.m2/repository/io/netty/netty-handler/4.1.33.Final/netty-handler-4.1.33.Final.jar:/home/captain/.m2/repository/javax/cache/cache-api/1.0.0/cache-api-1.0.0.jar:/home/captain/.m2/repository/io/projectreactor/reactor-core/3.2.6.RELEASE/reactor-core-3.2.6.RELEASE.jar:/home/captain/.m2/repository/org/reactivestreams/reactive-streams/1.0.2/reactive-streams-1.0.2.jar:/home/captain/.m2/repository/io/reactivex/rxjava2/rxjava/2.2.7/rxjava-2.2.7.jar:/home/captain/.m2/repository/de/ruedigermoeller/fst/2.57/fst-2.57.jar:/home/captain/.m2/repository/org/javassist/javassist/3.21.0-GA/javassist-3.21.0-GA.jar:/home/captain/.m2/repository/org/objenesis/objenesis/2.5.1/objenesis-2.5.1.jar:/home/captain/.m2/repository/org/slf4j/slf4j-api/1.7.25/slf4j-api-1.7.25.jar:/home/captain/.m2/repository/com/fasterxml/jackson/dataformat/jackson-dataformat-yaml/2.9.8/jackson-dataformat-yaml-2.9.8.jar:/home/captain/.m2/repository/org/yaml/snakeyaml/1.23/snakeyaml-1.23.jar:/home/captain/.m2/repository/com/fasterxml/jackson/core/jackson-core/2.9.8/jackson-core-2.9.8.jar:/home/captain/.m2/repository/com/fasterxml/jackson/core/jackson-databind/2.9.8/jackson-databind-2.9.8.jar:/home/captain/.m2/repository/com/fasterxml/jackson/core/jackson-annotations/2.9.0/jackson-annotations-2.9.0.jar:/home/captain/.m2/repository/net/bytebuddy/byte-buddy/1.9.10/byte-buddy-1.9.10.jar:/home/captain/.m2/repository/org/jodd/jodd-bean/5.0.8/jodd-bean-5.0.8.jar:/home/captain/.m2/repository/org/jodd/jodd-core/5.0.8/jodd-core-5.0.8.jar:/home/captain/.m2/repository/redis/clients/jedis/3.0.1/jedis-3.0.1.jar:/home/captain/.m2/repository/org/apache/commons/commons-pool2/2.4.3/commons-pool2-2.4.3.jar:/home/captain/.m2/repository/com/google/code/gson/gson/2.8.5/gson-2.8.5.jar:"/>
    <property name="java.vm.vendor" value="Oracle Corporation"/>
    <property name="sun.arch.data.model" value="64"/>
    <property name="java.vendor.url" value="http://java.oracle.com/"/>
    <property name="user.timezone" value=""/>
    <property name="java.vm.specification.version" value="1.8"/>
    <property name="os.name" value="Linux"/>
    <property name="user.country" value="US"/>
    <property name="sun.java.launcher" value="SUN_STANDARD"/>
    <property name="sun.boot.library.path" value="/usr/lib/jvm/java-8-oracle/jre/lib/amd64"/>
    <property name="sun.java.command" value="/home/captain/eclipse-workspace/dp-p6-redis-java/target/surefire/surefirebooter436251723812124284.jar /home/captain/eclipse-workspace/dp-p6-redis-java/target/surefire 2019-05-22T16-04-59_296-jvmRun1 surefire4942894428110625732tmp surefire_0931549017274306279tmp"/>
    <property name="surefire.test.class.path" value="/home/captain/eclipse-workspace/dp-p6-redis-java/target/test-classes:/home/captain/eclipse-workspace/dp-p6-redis-java/target/classes:/home/captain/.m2/repository/junit/junit/4.11/junit-4.11.jar:/home/captain/.m2/repository/org/hamcrest/hamcrest-core/1.3/hamcrest-core-1.3.jar:/home/captain/.m2/repository/org/redisson/redisson/3.10.4/redisson-3.10.4.jar:/home/captain/.m2/repository/io/netty/netty-common/4.1.33.Final/netty-common-4.1.33.Final.jar:/home/captain/.m2/repository/io/netty/netty-codec/4.1.33.Final/netty-codec-4.1.33.Final.jar:/home/captain/.m2/repository/io/netty/netty-buffer/4.1.33.Final/netty-buffer-4.1.33.Final.jar:/home/captain/.m2/repository/io/netty/netty-transport/4.1.33.Final/netty-transport-4.1.33.Final.jar:/home/captain/.m2/repository/io/netty/netty-resolver/4.1.33.Final/netty-resolver-4.1.33.Final.jar:/home/captain/.m2/repository/io/netty/netty-resolver-dns/4.1.33.Final/netty-resolver-dns-4.1.33.Final.jar:/home/captain/.m2/repository/io/netty/netty-codec-dns/4.1.33.Final/netty-codec-dns-4.1.33.Final.jar:/home/captain/.m2/repository/io/netty/netty-handler/4.1.33.Final/netty-handler-4.1.33.Final.jar:/home/captain/.m2/repository/javax/cache/cache-api/1.0.0/cache-api-1.0.0.jar:/home/captain/.m2/repository/io/projectreactor/reactor-core/3.2.6.RELEASE/reactor-core-3.2.6.RELEASE.jar:/home/captain/.m2/repository/org/reactivestreams/reactive-streams/1.0.2/reactive-streams-1.0.2.jar:/home/captain/.m2/repository/io/reactivex/rxjava2/rxjava/2.2.7/rxjava-2.2.7.jar:/home/captain/.m2/repository/de/ruedigermoeller/fst/2.57/fst-2.57.jar:/home/captain/.m2/repository/org/javassist/javassist/3.21.0-GA/javassist-3.21.0-GA.jar:/home/captain/.m2/repository/org/objenesis/objenesis/2.5.1/objenesis-2.5.1.jar:/home/captain/.m2/repository/org/slf4j/slf4j-api/1.7.25/slf4j-api-1.7.25.jar:/home/captain/.m2/repository/com/fasterxml/jackson/dataformat/jackson-dataformat-yaml/2.9.8/jackson-dataformat-yaml-2.9.8.jar:/home/captain/.m2/repository/org/yaml/snakeyaml/1.23/snakeyaml-1.23.jar:/home/captain/.m2/repository/com/fasterxml/jackson/core/jackson-core/2.9.8/jackson-core-2.9.8.jar:/home/captain/.m2/repository/com/fasterxml/jackson/core/jackson-databind/2.9.8/jackson-databind-2.9.8.jar:/home/captain/.m2/repository/com/fasterxml/jackson/core/jackson-annotations/2.9.0/jackson-annotations-2.9.0.jar:/home/captain/.m2/repository/net/bytebuddy/byte-buddy/1.9.10/byte-buddy-1.9.10.jar:/home/captain/.m2/repository/org/jodd/jodd-bean/5.0.8/jodd-bean-5.0.8.jar:/home/captain/.m2/repository/org/jodd/jodd-core/5.0.8/jodd-core-5.0.8.jar:/home/captain/.m2/repository/redis/clients/jedis/3.0.1/jedis-3.0.1.jar:/home/captain/.m2/repository/org/apache/commons/commons-pool2/2.4.3/commons-pool2-2.4.3.jar:/home/captain/.m2/repository/com/google/code/gson/gson/2.8.5/gson-2.8.5.jar:"/>
    <property name="sun.cpu.endian" value="little"/>
    <property name="user.home" value="/home/captain"/>
    <property name="user.language" value="en"/>
    <property name="java.specification.vendor" value="Oracle Corporation"/>
    <property name="java.home" value="/usr/lib/jvm/java-8-oracle/jre"/>
    <property name="basedir" value="/home/captain/eclipse-workspace/dp-p6-redis-java"/>
    <property name="file.separator" value="/"/>
    <property name="line.separator" value="&#10;"/>
    <property name="java.vm.specification.vendor" value="Oracle Corporation"/>
    <property name="java.specification.name" value="Java Platform API Specification"/>
    <property name="java.awt.graphicsenv" value="sun.awt.X11GraphicsEnvironment"/>
    <property name="surefire.real.class.path" value="/home/captain/eclipse-workspace/dp-p6-redis-java/target/surefire/surefirebooter436251723812124284.jar"/>
    <property name="sun.boot.class.path" value="/usr/lib/jvm/java-8-oracle/jre/lib/resources.jar:/usr/lib/jvm/java-8-oracle/jre/lib/rt.jar:/usr/lib/jvm/java-8-oracle/jre/lib/sunrsasign.jar:/usr/lib/jvm/java-8-oracle/jre/lib/jsse.jar:/usr/lib/jvm/java-8-oracle/jre/lib/jce.jar:/usr/lib/jvm/java-8-oracle/jre/lib/charsets.jar:/usr/lib/jvm/java-8-oracle/jre/lib/jfr.jar:/usr/lib/jvm/java-8-oracle/jre/classes"/>
    <property name="sun.management.compiler" value="HotSpot 64-Bit Tiered Compilers"/>
    <property name="java.runtime.version" value="1.8.0_201-b09"/>
    <property name="user.name" value="captain"/>
    <property name="path.separator" value=":"/>
    <property name="os.version" value="4.15.0-47-generic"/>
    <property name="java.endorsed.dirs" value="/usr/lib/jvm/java-8-oracle/jre/lib/endorsed"/>
    <property name="java.runtime.name" value="Java(TM) SE Runtime Environment"/>
    <property name="file.encoding" value="UTF-8"/>
    <property name="java.vm.name" value="Java HotSpot(TM) 64-Bit Server VM"/>
    <property name="localRepository" value="/home/captain/.m2/repository"/>
    <property name="java.vendor.url.bug" value="http://bugreport.sun.com/bugreport/"/>
    <property name="java.io.tmpdir" value="/tmp"/>
    <property name="java.version" value="1.8.0_201"/>
    <property name="user.dir" value="/home/captain/eclipse-workspace/dp-p6-redis-java"/>
    <property name="os.arch" value="amd64"/>
    <property name="java.vm.specification.name" value="Java Virtual Machine Specification"/>
    <property name="java.awt.printerjob" value="sun.print.PSPrinterJob"/>
    <property name="sun.os.patch.level" value="unknown"/>
    <property name="java.library.path" value="/usr/java/packages/lib/amd64:/usr/lib64:/lib64:/lib:/usr/lib"/>
    <property name="java.vm.info" value="mixed mode"/>
    <property name="java.vendor" value="Oracle Corporation"/>
    <property name="java.vm.version" value="25.201-b09"/>
    <property name="java.ext.dirs" value="/usr/lib/jvm/java-8-oracle/jre/lib/ext:/usr/java/packages/lib/ext"/>
    <property name="sun.io.unicode.encoding" value="UnicodeLittle"/>
    <property name="java.class.version" value="52.0"/>
  </properties>
  <testcase name="shouldAnswerWithTrue" classname="redis.AppTest" time="0.001"/>
</testsuite>